app/build/intermediates/manifest_merge_blame_file/debug/manifest-merger-blame-debug-report.txt
1<?xml version="1.0" encoding="utf-8"?>
2<manifest xmlns:android="http://schemas.android.com/apk/res/android"
3    package="com.analogit.elearningapp"
4    android:versionCode="1"
5    android:versionName="1.0" >
6
7    <uses-sdk
8        android:minSdkVersion="16"
8-->src\main\AndroidManifest.xml
9        android:targetSdkVersion="30" />
9-->src\main\AndroidManifest.xml
10
11    <uses-permission android:name="android.permission.INTERNET" />
11-->src\main\AndroidManifest.xml:4:5-66
11-->src\main\AndroidManifest.xml:4:22-64
12
13    <application
13-->src\main\AndroidManifest.xml:5:5-32:19
14        android:allowBackup="true"
14-->src\main\AndroidManifest.xml:6:9-35
15        android:appComponentFactory="androidx.core.app.CoreComponentFactory"
15-->[androidx.core:core:1.3.1] AndroidManifest.xml:24:18-86
16        android:debuggable="true"
17        android:icon="@mipmap/ic_launcher"
17-->src\main\AndroidManifest.xml:7:9-43
18        android:label="@string/app_name"
18-->src\main\AndroidManifest.xml:8:9-41
19        android:roundIcon="@mipmap/ic_launcher_round"
19-->src\main\AndroidManifest.xml:10:9-54
20        android:supportsRtl="true"
20-->src\main\AndroidManifest.xml:11:9-35
21        android:testOnly="true"
22        android:theme="@style/AppTheme"
22-->src\main\AndroidManifest.xml:12:9-40
23        android:usesCleartextTraffic="true" >
23-->src\main\AndroidManifest.xml:9:9-44
24        <activity android:name="com.analogit.elearningapp.Activities.AllquestionsActivity" />
24-->src\main\AndroidManifest.xml:13:9-78
24-->src\main\AndroidManifest.xml:13:19-66
25        <activity android:name="com.analogit.elearningapp.Activities.OffNLiveActivity" />
25-->src\main\AndroidManifest.xml:14:9-74
25-->src\main\AndroidManifest.xml:14:19-62
26        <activity android:name="com.analogit.elearningapp.Activities.DownloadsActivity" />
26-->src\main\AndroidManifest.xml:15:9-75
26-->src\main\AndroidManifest.xml:15:19-63
27        <activity android:name="com.analogit.elearningapp.Activities.HomeActivity" />
27-->src\main\AndroidManifest.xml:16:9-70
27-->src\main\AndroidManifest.xml:16:19-58
28        <activity android:name="com.analogit.elearningapp.Activities.RegularNTRActivity" />
28-->src\main\AndroidManifest.xml:17:9-76
28-->src\main\AndroidManifest.xml:17:19-64
29        <activity android:name="com.analogit.elearningapp.Activities.StudentRankAcitvity" />
29-->src\main\AndroidManifest.xml:18:9-77
29-->src\main\AndroidManifest.xml:18:19-65
30        <activity android:name="com.analogit.elearningapp.Activities.MainActivity" >
30-->src\main\AndroidManifest.xml:20:9-26:20
30-->src\main\AndroidManifest.xml:20:19-58
31            <intent-filter>
31-->src\main\AndroidManifest.xml:21:13-25:29
32                <action android:name="android.intent.action.MAIN" />
32-->src\main\AndroidManifest.xml:22:17-69
32-->src\main\AndroidManifest.xml:22:25-66
33
34                <category android:name="android.intent.category.LAUNCHER" />
34-->src\main\AndroidManifest.xml:24:17-77
34-->src\main\AndroidManifest.xml:24:27-74
35            </intent-filter>
36        </activity>
37
38        <meta-data
38-->src\main\AndroidManifest.xml:29:9-31:57
39            android:name="preloaded_fonts"
39-->src\main\AndroidManifest.xml:30:13-43
40            android:resource="@array/preloaded_fonts" />
40-->src\main\AndroidManifest.xml:31:13-54
41    </application>
42
43</manifest>